[0.100s] Invoking command in '/home/robu/work/robu_ws_actions/build/robu_interfaces': CMAKE_PREFIX_PATH=${CMAKE_PREFIX_PATH}:/home/robu/work/turtlebot3_ws/install/turtlebot3_teleop:/home/robu/work/turtlebot3_ws/install/turtlebot3_example:/opt/ros/humble /usr/bin/cmake /home/robu/work/robu_ws_actions/src/robu_interfaces -DCMAKE_INSTALL_PREFIX=/home/robu/work/robu_ws_actions/install/robu_interfaces
[0.114s] -- Found ament_cmake: 1.3.6 (/opt/ros/humble/share/ament_cmake/cmake)
[0.276s] -- Found ament_lint_auto: 0.12.9 (/opt/ros/humble/share/ament_lint_auto/cmake)
[0.347s] -- Found rosidl_default_generators: 1.2.0 (/opt/ros/humble/share/rosidl_default_generators/cmake)
[0.351s] -- Using all available rosidl_typesupport_c: rosidl_typesupport_fastrtps_c;rosidl_typesupport_introspection_c
[0.354s] -- Found rosidl_adapter: 3.1.5 (/opt/ros/humble/share/rosidl_adapter/cmake)
[0.387s] -- Using all available rosidl_typesupport_cpp: rosidl_typesupport_fastrtps_cpp;rosidl_typesupport_introspection_cpp
[0.838s] -- Found ament_cmake_ros: 0.10.0 (/opt/ros/humble/share/ament_cmake_ros/cmake)
[1.079s] -- Using all available rosidl_typesupport_c: rosidl_typesupport_fastrtps_c;rosidl_typesupport_introspection_c
[1.375s] -- Using all available rosidl_typesupport_cpp: rosidl_typesupport_fastrtps_cpp;rosidl_typesupport_introspection_cpp
[1.404s] -- Found PythonInterp: /usr/bin/python3 (found suitable version "3.10.12", minimum required is "3.6") 
[1.411s] -- Found python_cmake_module: 0.10.0 (/opt/ros/humble/share/python_cmake_module/cmake)
[1.447s] -- Found PythonLibs: /usr/lib/x86_64-linux-gnu/libpython3.10.so (found suitable version "3.10.12", minimum required is "3.5") 
[1.447s] -- Using PYTHON_EXECUTABLE: /usr/bin/python3
[1.448s] -- Using PYTHON_INCLUDE_DIRS: /usr/include/python3.10
[1.448s] -- Using PYTHON_LIBRARIES: /usr/lib/x86_64-linux-gnu/libpython3.10.so
[1.486s] -- Found PythonExtra: .so  
[1.583s] -- Added test 'lint_cmake' to check CMake code style
[1.587s] -- Added test 'xmllint' to check XML markup files
[1.609s] -- Configuring done
[1.668s] -- Generating done
[1.672s] -- Build files have been written to: /home/robu/work/robu_ws_actions/build/robu_interfaces
[1.680s] Invoked command in '/home/robu/work/robu_ws_actions/build/robu_interfaces' returned '0': CMAKE_PREFIX_PATH=${CMAKE_PREFIX_PATH}:/home/robu/work/turtlebot3_ws/install/turtlebot3_teleop:/home/robu/work/turtlebot3_ws/install/turtlebot3_example:/opt/ros/humble /usr/bin/cmake /home/robu/work/robu_ws_actions/src/robu_interfaces -DCMAKE_INSTALL_PREFIX=/home/robu/work/robu_ws_actions/install/robu_interfaces
[1.682s] Invoking command in '/home/robu/work/robu_ws_actions/build/robu_interfaces': CMAKE_PREFIX_PATH=${CMAKE_PREFIX_PATH}:/home/robu/work/turtlebot3_ws/install/turtlebot3_teleop:/home/robu/work/turtlebot3_ws/install/turtlebot3_example:/opt/ros/humble /usr/bin/cmake --build /home/robu/work/robu_ws_actions/build/robu_interfaces -- -j4 -l4
[1.744s] [  3%] [34m[1mGenerating C code for ROS interfaces[0m
[1.772s] [  6%] [34m[1mGenerating C++ code for ROS interfaces[0m
[1.780s] [  6%] Built target ament_cmake_python_copy_robu_interfaces
[2.206s] running egg_info
[2.207s] creating robu_interfaces.egg-info
[2.207s] writing robu_interfaces.egg-info/PKG-INFO
[2.207s] writing dependency_links to robu_interfaces.egg-info/dependency_links.txt
[2.207s] writing top-level names to robu_interfaces.egg-info/top_level.txt
[2.207s] writing manifest file 'robu_interfaces.egg-info/SOURCES.txt'
[2.211s] reading manifest file 'robu_interfaces.egg-info/SOURCES.txt'
[2.212s] writing manifest file 'robu_interfaces.egg-info/SOURCES.txt'
[2.245s] [  6%] Built target ament_cmake_python_build_robu_interfaces_egg
[2.396s] [  9%] [32mBuilding C object CMakeFiles/robu_interfaces__rosidl_generator_c.dir/rosidl_generator_c/robu_interfaces/action/detail/fibonacci__functions.c.o[0m
[2.397s] [  9%] Built target robu_interfaces__cpp
[2.409s] [ 16%] [34m[1mGenerating C++ introspection for ROS interfaces[0m
[2.410s] [ 16%] [34m[1mGenerating C++ type support for eProsima Fast-RTPS[0m
[2.417s] [ 19%] [34m[1mGenerating C++ type support dispatch for ROS interfaces[0m
[2.590s] [ 22%] [32m[1mLinking C shared library librobu_interfaces__rosidl_generator_c.so[0m
[2.644s] [ 22%] Built target robu_interfaces__rosidl_generator_c
[2.658s] [ 25%] [34m[1mGenerating C type support for eProsima Fast-RTPS[0m
[2.793s] [ 29%] [32mBuilding CXX object CMakeFiles/robu_interfaces__rosidl_typesupport_cpp.dir/rosidl_typesupport_cpp/robu_interfaces/action/fibonacci__type_support.cpp.o[0m
[2.908s] [ 32%] [32mBuilding CXX object CMakeFiles/robu_interfaces__rosidl_typesupport_fastrtps_cpp.dir/rosidl_typesupport_fastrtps_cpp/robu_interfaces/action/detail/dds_fastrtps/fibonacci__type_support.cpp.o[0m
[2.924s] [ 35%] [32mBuilding CXX object CMakeFiles/robu_interfaces__rosidl_typesupport_introspection_cpp.dir/rosidl_typesupport_introspection_cpp/robu_interfaces/action/detail/fibonacci__type_support.cpp.o[0m
[3.166s] [ 38%] [32mBuilding CXX object CMakeFiles/robu_interfaces__rosidl_typesupport_fastrtps_c.dir/rosidl_typesupport_fastrtps_c/robu_interfaces/action/detail/fibonacci__type_support_c.cpp.o[0m
[3.400s] [ 41%] [32m[1mLinking CXX shared library librobu_interfaces__rosidl_typesupport_cpp.so[0m
[3.456s] [ 41%] Built target robu_interfaces__rosidl_typesupport_cpp
[3.472s] [ 45%] [34m[1mGenerating C introspection for ROS interfaces[0m
[3.722s] [ 48%] [32m[1mLinking CXX shared library librobu_interfaces__rosidl_typesupport_fastrtps_c.so[0m
[3.750s] [ 51%] [32m[1mLinking CXX shared library librobu_interfaces__rosidl_typesupport_fastrtps_cpp.so[0m
[3.794s] [ 54%] [32m[1mLinking CXX shared library librobu_interfaces__rosidl_typesupport_introspection_cpp.so[0m
[3.846s] [ 54%] Built target robu_interfaces__rosidl_typesupport_fastrtps_c
[3.864s] [ 58%] [34m[1mGenerating C type support dispatch for ROS interfaces[0m
[3.875s] [ 58%] Built target robu_interfaces__rosidl_typesupport_fastrtps_cpp
[3.906s] [ 58%] Built target robu_interfaces__rosidl_typesupport_introspection_cpp
[3.939s] [ 61%] [32mBuilding C object CMakeFiles/robu_interfaces__rosidl_typesupport_introspection_c.dir/rosidl_typesupport_introspection_c/robu_interfaces/action/detail/fibonacci__type_support.c.o[0m
[4.014s] [ 64%] [32m[1mLinking C shared library librobu_interfaces__rosidl_typesupport_introspection_c.so[0m
[4.069s] [ 64%] Built target robu_interfaces__rosidl_typesupport_introspection_c
[4.206s] [ 67%] [32mBuilding CXX object CMakeFiles/robu_interfaces__rosidl_typesupport_c.dir/rosidl_typesupport_c/robu_interfaces/action/fibonacci__type_support.cpp.o[0m
[4.270s] [ 70%] [32m[1mLinking CXX shared library librobu_interfaces__rosidl_typesupport_c.so[0m
[4.317s] [ 70%] Built target robu_interfaces__rosidl_typesupport_c
[4.345s] [ 70%] Built target robu_interfaces
[4.372s] [ 74%] [34m[1mGenerating Python code for ROS interfaces[0m
[5.233s] [ 74%] Built target robu_interfaces__py
[5.260s] [ 77%] [32mBuilding C object CMakeFiles/robu_interfaces__rosidl_generator_py.dir/rosidl_generator_py/robu_interfaces/action/_fibonacci_s.c.o[0m
[5.429s] [ 80%] [32m[1mLinking C shared library rosidl_generator_py/robu_interfaces/librobu_interfaces__rosidl_generator_py.so[0m
[5.481s] [ 80%] Built target robu_interfaces__rosidl_generator_py
[5.507s] [ 83%] [32mBuilding C object CMakeFiles/robu_interfaces__rosidl_typesupport_introspection_c__pyext.dir/rosidl_generator_py/robu_interfaces/_robu_interfaces_s.ep.rosidl_typesupport_introspection_c.c.o[0m
[5.508s] [ 87%] [32mBuilding C object CMakeFiles/robu_interfaces__rosidl_typesupport_c__pyext.dir/rosidl_generator_py/robu_interfaces/_robu_interfaces_s.ep.rosidl_typesupport_c.c.o[0m
[5.511s] [ 90%] [32mBuilding C object CMakeFiles/robu_interfaces__rosidl_typesupport_fastrtps_c__pyext.dir/rosidl_generator_py/robu_interfaces/_robu_interfaces_s.ep.rosidl_typesupport_fastrtps_c.c.o[0m
[5.659s] [ 93%] [32m[1mLinking C shared library rosidl_generator_py/robu_interfaces/robu_interfaces_s__rosidl_typesupport_introspection_c.cpython-310-x86_64-linux-gnu.so[0m
[5.665s] [ 96%] [32m[1mLinking C shared library rosidl_generator_py/robu_interfaces/robu_interfaces_s__rosidl_typesupport_fastrtps_c.cpython-310-x86_64-linux-gnu.so[0m
[5.673s] [100%] [32m[1mLinking C shared library rosidl_generator_py/robu_interfaces/robu_interfaces_s__rosidl_typesupport_c.cpython-310-x86_64-linux-gnu.so[0m
[5.716s] [100%] Built target robu_interfaces__rosidl_typesupport_fastrtps_c__pyext
[5.718s] [100%] Built target robu_interfaces__rosidl_typesupport_introspection_c__pyext
[5.728s] [100%] Built target robu_interfaces__rosidl_typesupport_c__pyext
[5.747s] Invoked command in '/home/robu/work/robu_ws_actions/build/robu_interfaces' returned '0': CMAKE_PREFIX_PATH=${CMAKE_PREFIX_PATH}:/home/robu/work/turtlebot3_ws/install/turtlebot3_teleop:/home/robu/work/turtlebot3_ws/install/turtlebot3_example:/opt/ros/humble /usr/bin/cmake --build /home/robu/work/robu_ws_actions/build/robu_interfaces -- -j4 -l4
[5.847s] Invoking command in '/home/robu/work/robu_ws_actions/build/robu_interfaces': CMAKE_PREFIX_PATH=${CMAKE_PREFIX_PATH}:/home/robu/work/turtlebot3_ws/install/turtlebot3_teleop:/home/robu/work/turtlebot3_ws/install/turtlebot3_example:/opt/ros/humble /usr/bin/cmake --install /home/robu/work/robu_ws_actions/build/robu_interfaces
[5.859s] -- Install configuration: ""
[5.859s] -- Installing: /home/robu/work/robu_ws_actions/install/robu_interfaces/share/ament_index/resource_index/rosidl_interfaces/robu_interfaces
[5.860s] -- Installing: /home/robu/work/robu_ws_actions/install/robu_interfaces/include/robu_interfaces/robu_interfaces
[5.860s] -- Installing: /home/robu/work/robu_ws_actions/install/robu_interfaces/include/robu_interfaces/robu_interfaces/action
[5.861s] -- Installing: /home/robu/work/robu_ws_actions/install/robu_interfaces/include/robu_interfaces/robu_interfaces/action/detail
[5.863s] -- Installing: /home/robu/work/robu_ws_actions/install/robu_interfaces/include/robu_interfaces/robu_interfaces/action/detail/fibonacci__functions.c
[5.863s] -- Installing: /home/robu/work/robu_ws_actions/install/robu_interfaces/include/robu_interfaces/robu_interfaces/action/detail/fibonacci__struct.h
[5.863s] -- Installing: /home/robu/work/robu_ws_actions/install/robu_interfaces/include/robu_interfaces/robu_interfaces/action/detail/fibonacci__type_support.h
[5.863s] -- Installing: /home/robu/work/robu_ws_actions/install/robu_interfaces/include/robu_interfaces/robu_interfaces/action/detail/fibonacci__functions.h
[5.863s] -- Installing: /home/robu/work/robu_ws_actions/install/robu_interfaces/include/robu_interfaces/robu_interfaces/action/fibonacci.h
[5.863s] -- Installing: /home/robu/work/robu_ws_actions/install/robu_interfaces/include/robu_interfaces/robu_interfaces/msg
[5.863s] -- Installing: /home/robu/work/robu_ws_actions/install/robu_interfaces/include/robu_interfaces/robu_interfaces/msg/rosidl_generator_c__visibility_control.h
[5.863s] -- Installing: /home/robu/work/robu_ws_actions/install/robu_interfaces/share/robu_interfaces/environment/library_path.sh
[5.863s] -- Installing: /home/robu/work/robu_ws_actions/install/robu_interfaces/share/robu_interfaces/environment/library_path.dsv
[5.863s] -- Installing: /home/robu/work/robu_ws_actions/install/robu_interfaces/lib/librobu_interfaces__rosidl_generator_c.so
[5.863s] -- Set runtime path of "/home/robu/work/robu_ws_actions/install/robu_interfaces/lib/librobu_interfaces__rosidl_generator_c.so" to ""
[5.863s] -- Up-to-date: /home/robu/work/robu_ws_actions/install/robu_interfaces/include/robu_interfaces/robu_interfaces
[5.864s] -- Up-to-date: /home/robu/work/robu_ws_actions/install/robu_interfaces/include/robu_interfaces/robu_interfaces/action
[5.864s] -- Up-to-date: /home/robu/work/robu_ws_actions/install/robu_interfaces/include/robu_interfaces/robu_interfaces/action/detail
[5.864s] -- Installing: /home/robu/work/robu_ws_actions/install/robu_interfaces/include/robu_interfaces/robu_interfaces/action/detail/fibonacci__rosidl_typesupport_fastrtps_c.h
[5.864s] -- Up-to-date: /home/robu/work/robu_ws_actions/install/robu_interfaces/include/robu_interfaces/robu_interfaces/msg
[5.864s] -- Installing: /home/robu/work/robu_ws_actions/install/robu_interfaces/include/robu_interfaces/robu_interfaces/msg/rosidl_typesupport_fastrtps_c__visibility_control.h
[5.864s] -- Installing: /home/robu/work/robu_ws_actions/install/robu_interfaces/lib/librobu_interfaces__rosidl_typesupport_fastrtps_c.so
[5.864s] -- Set runtime path of "/home/robu/work/robu_ws_actions/install/robu_interfaces/lib/librobu_interfaces__rosidl_typesupport_fastrtps_c.so" to ""
[5.864s] -- Up-to-date: /home/robu/work/robu_ws_actions/install/robu_interfaces/include/robu_interfaces/robu_interfaces
[5.864s] -- Up-to-date: /home/robu/work/robu_ws_actions/install/robu_interfaces/include/robu_interfaces/robu_interfaces/action
[5.864s] -- Up-to-date: /home/robu/work/robu_ws_actions/install/robu_interfaces/include/robu_interfaces/robu_interfaces/action/detail
[5.864s] -- Installing: /home/robu/work/robu_ws_actions/install/robu_interfaces/include/robu_interfaces/robu_interfaces/action/detail/fibonacci__type_support.c
[5.864s] -- Installing: /home/robu/work/robu_ws_actions/install/robu_interfaces/include/robu_interfaces/robu_interfaces/action/detail/fibonacci__rosidl_typesupport_introspection_c.h
[5.864s] -- Up-to-date: /home/robu/work/robu_ws_actions/install/robu_interfaces/include/robu_interfaces/robu_interfaces/msg
[5.865s] -- Installing: /home/robu/work/robu_ws_actions/install/robu_interfaces/include/robu_interfaces/robu_interfaces/msg/rosidl_typesupport_introspection_c__visibility_control.h
[5.865s] -- Installing: /home/robu/work/robu_ws_actions/install/robu_interfaces/lib/librobu_interfaces__rosidl_typesupport_introspection_c.so
[5.865s] -- Set runtime path of "/home/robu/work/robu_ws_actions/install/robu_interfaces/lib/librobu_interfaces__rosidl_typesupport_introspection_c.so" to ""
[5.865s] -- Installing: /home/robu/work/robu_ws_actions/install/robu_interfaces/lib/librobu_interfaces__rosidl_typesupport_c.so
[5.865s] -- Set runtime path of "/home/robu/work/robu_ws_actions/install/robu_interfaces/lib/librobu_interfaces__rosidl_typesupport_c.so" to ""
[5.865s] -- Up-to-date: /home/robu/work/robu_ws_actions/install/robu_interfaces/include/robu_interfaces/robu_interfaces
[5.865s] -- Up-to-date: /home/robu/work/robu_ws_actions/install/robu_interfaces/include/robu_interfaces/robu_interfaces/action
[5.865s] -- Up-to-date: /home/robu/work/robu_ws_actions/install/robu_interfaces/include/robu_interfaces/robu_interfaces/action/detail
[5.865s] -- Installing: /home/robu/work/robu_ws_actions/install/robu_interfaces/include/robu_interfaces/robu_interfaces/action/detail/fibonacci__struct.hpp
[5.865s] -- Installing: /home/robu/work/robu_ws_actions/install/robu_interfaces/include/robu_interfaces/robu_interfaces/action/detail/fibonacci__builder.hpp
[5.865s] -- Installing: /home/robu/work/robu_ws_actions/install/robu_interfaces/include/robu_interfaces/robu_interfaces/action/detail/fibonacci__traits.hpp
[5.866s] -- Installing: /home/robu/work/robu_ws_actions/install/robu_interfaces/include/robu_interfaces/robu_interfaces/action/fibonacci.hpp
[5.866s] -- Up-to-date: /home/robu/work/robu_ws_actions/install/robu_interfaces/include/robu_interfaces/robu_interfaces
[5.866s] -- Up-to-date: /home/robu/work/robu_ws_actions/install/robu_interfaces/include/robu_interfaces/robu_interfaces/action
[5.866s] -- Up-to-date: /home/robu/work/robu_ws_actions/install/robu_interfaces/include/robu_interfaces/robu_interfaces/action/detail
[5.866s] -- Installing: /home/robu/work/robu_ws_actions/install/robu_interfaces/include/robu_interfaces/robu_interfaces/action/detail/dds_fastrtps
[5.866s] -- Installing: /home/robu/work/robu_ws_actions/install/robu_interfaces/include/robu_interfaces/robu_interfaces/action/detail/fibonacci__rosidl_typesupport_fastrtps_cpp.hpp
[5.866s] -- Up-to-date: /home/robu/work/robu_ws_actions/install/robu_interfaces/include/robu_interfaces/robu_interfaces/msg
[5.866s] -- Installing: /home/robu/work/robu_ws_actions/install/robu_interfaces/include/robu_interfaces/robu_interfaces/msg/rosidl_typesupport_fastrtps_cpp__visibility_control.h
[5.866s] -- Installing: /home/robu/work/robu_ws_actions/install/robu_interfaces/lib/librobu_interfaces__rosidl_typesupport_fastrtps_cpp.so
[5.867s] -- Set runtime path of "/home/robu/work/robu_ws_actions/install/robu_interfaces/lib/librobu_interfaces__rosidl_typesupport_fastrtps_cpp.so" to ""
[5.867s] -- Up-to-date: /home/robu/work/robu_ws_actions/install/robu_interfaces/include/robu_interfaces/robu_interfaces
[5.867s] -- Up-to-date: /home/robu/work/robu_ws_actions/install/robu_interfaces/include/robu_interfaces/robu_interfaces/action
[5.867s] -- Up-to-date: /home/robu/work/robu_ws_actions/install/robu_interfaces/include/robu_interfaces/robu_interfaces/action/detail
[5.867s] -- Installing: /home/robu/work/robu_ws_actions/install/robu_interfaces/include/robu_interfaces/robu_interfaces/action/detail/fibonacci__rosidl_typesupport_introspection_cpp.hpp
[5.867s] -- Installing: /home/robu/work/robu_ws_actions/install/robu_interfaces/include/robu_interfaces/robu_interfaces/action/detail/fibonacci__type_support.cpp
[5.867s] -- Installing: /home/robu/work/robu_ws_actions/install/robu_interfaces/lib/librobu_interfaces__rosidl_typesupport_introspection_cpp.so
[5.868s] -- Set runtime path of "/home/robu/work/robu_ws_actions/install/robu_interfaces/lib/librobu_interfaces__rosidl_typesupport_introspection_cpp.so" to ""
[5.868s] -- Installing: /home/robu/work/robu_ws_actions/install/robu_interfaces/lib/librobu_interfaces__rosidl_typesupport_cpp.so
[5.869s] -- Set runtime path of "/home/robu/work/robu_ws_actions/install/robu_interfaces/lib/librobu_interfaces__rosidl_typesupport_cpp.so" to ""
[5.869s] -- Installing: /home/robu/work/robu_ws_actions/install/robu_interfaces/share/robu_interfaces/environment/pythonpath.sh
[5.869s] -- Installing: /home/robu/work/robu_ws_actions/install/robu_interfaces/share/robu_interfaces/environment/pythonpath.dsv
[5.869s] -- Installing: /home/robu/work/robu_ws_actions/install/robu_interfaces/local/lib/python3.10/dist-packages/robu_interfaces-0.0.0-py3.10.egg-info
[5.869s] -- Installing: /home/robu/work/robu_ws_actions/install/robu_interfaces/local/lib/python3.10/dist-packages/robu_interfaces-0.0.0-py3.10.egg-info/top_level.txt
[5.870s] -- Installing: /home/robu/work/robu_ws_actions/install/robu_interfaces/local/lib/python3.10/dist-packages/robu_interfaces-0.0.0-py3.10.egg-info/dependency_links.txt
[5.870s] -- Installing: /home/robu/work/robu_ws_actions/install/robu_interfaces/local/lib/python3.10/dist-packages/robu_interfaces-0.0.0-py3.10.egg-info/PKG-INFO
[5.870s] -- Installing: /home/robu/work/robu_ws_actions/install/robu_interfaces/local/lib/python3.10/dist-packages/robu_interfaces-0.0.0-py3.10.egg-info/SOURCES.txt
[5.870s] -- Installing: /home/robu/work/robu_ws_actions/install/robu_interfaces/local/lib/python3.10/dist-packages/robu_interfaces
[5.870s] -- Installing: /home/robu/work/robu_ws_actions/install/robu_interfaces/local/lib/python3.10/dist-packages/robu_interfaces/action
[5.870s] -- Installing: /home/robu/work/robu_ws_actions/install/robu_interfaces/local/lib/python3.10/dist-packages/robu_interfaces/action/_fibonacci_s.c
[5.870s] -- Installing: /home/robu/work/robu_ws_actions/install/robu_interfaces/local/lib/python3.10/dist-packages/robu_interfaces/action/_fibonacci.py
[5.871s] -- Installing: /home/robu/work/robu_ws_actions/install/robu_interfaces/local/lib/python3.10/dist-packages/robu_interfaces/action/__init__.py
[5.871s] -- Installing: /home/robu/work/robu_ws_actions/install/robu_interfaces/local/lib/python3.10/dist-packages/robu_interfaces/_robu_interfaces_s.ep.rosidl_typesupport_introspection_c.c
[5.871s] -- Installing: /home/robu/work/robu_ws_actions/install/robu_interfaces/local/lib/python3.10/dist-packages/robu_interfaces/robu_interfaces_s__rosidl_typesupport_fastrtps_c.cpython-310-x86_64-linux-gnu.so
[5.871s] -- Installing: /home/robu/work/robu_ws_actions/install/robu_interfaces/local/lib/python3.10/dist-packages/robu_interfaces/robu_interfaces_s__rosidl_typesupport_c.cpython-310-x86_64-linux-gnu.so
[5.871s] -- Installing: /home/robu/work/robu_ws_actions/install/robu_interfaces/local/lib/python3.10/dist-packages/robu_interfaces/_robu_interfaces_s.ep.rosidl_typesupport_c.c
[5.872s] -- Installing: /home/robu/work/robu_ws_actions/install/robu_interfaces/local/lib/python3.10/dist-packages/robu_interfaces/librobu_interfaces__rosidl_generator_py.so
[5.872s] -- Installing: /home/robu/work/robu_ws_actions/install/robu_interfaces/local/lib/python3.10/dist-packages/robu_interfaces/robu_interfaces_s__rosidl_typesupport_introspection_c.cpython-310-x86_64-linux-gnu.so
[5.872s] -- Installing: /home/robu/work/robu_ws_actions/install/robu_interfaces/local/lib/python3.10/dist-packages/robu_interfaces/__init__.py
[5.872s] -- Installing: /home/robu/work/robu_ws_actions/install/robu_interfaces/local/lib/python3.10/dist-packages/robu_interfaces/_robu_interfaces_s.ep.rosidl_typesupport_fastrtps_c.c
[5.939s] Listing '/home/robu/work/robu_ws_actions/install/robu_interfaces/local/lib/python3.10/dist-packages/robu_interfaces'...
[5.939s] Compiling '/home/robu/work/robu_ws_actions/install/robu_interfaces/local/lib/python3.10/dist-packages/robu_interfaces/__init__.py'...
[5.939s] Listing '/home/robu/work/robu_ws_actions/install/robu_interfaces/local/lib/python3.10/dist-packages/robu_interfaces/action'...
[5.939s] Compiling '/home/robu/work/robu_ws_actions/install/robu_interfaces/local/lib/python3.10/dist-packages/robu_interfaces/action/__init__.py'...
[5.939s] Compiling '/home/robu/work/robu_ws_actions/install/robu_interfaces/local/lib/python3.10/dist-packages/robu_interfaces/action/_fibonacci.py'...
[5.944s] -- Installing: /home/robu/work/robu_ws_actions/install/robu_interfaces/local/lib/python3.10/dist-packages/robu_interfaces/robu_interfaces_s__rosidl_typesupport_fastrtps_c.cpython-310-x86_64-linux-gnu.so
[5.944s] -- Set runtime path of "/home/robu/work/robu_ws_actions/install/robu_interfaces/local/lib/python3.10/dist-packages/robu_interfaces/robu_interfaces_s__rosidl_typesupport_fastrtps_c.cpython-310-x86_64-linux-gnu.so" to ""
[5.944s] -- Installing: /home/robu/work/robu_ws_actions/install/robu_interfaces/local/lib/python3.10/dist-packages/robu_interfaces/robu_interfaces_s__rosidl_typesupport_introspection_c.cpython-310-x86_64-linux-gnu.so
[5.945s] -- Set runtime path of "/home/robu/work/robu_ws_actions/install/robu_interfaces/local/lib/python3.10/dist-packages/robu_interfaces/robu_interfaces_s__rosidl_typesupport_introspection_c.cpython-310-x86_64-linux-gnu.so" to ""
[5.945s] -- Installing: /home/robu/work/robu_ws_actions/install/robu_interfaces/local/lib/python3.10/dist-packages/robu_interfaces/robu_interfaces_s__rosidl_typesupport_c.cpython-310-x86_64-linux-gnu.so
[5.946s] -- Set runtime path of "/home/robu/work/robu_ws_actions/install/robu_interfaces/local/lib/python3.10/dist-packages/robu_interfaces/robu_interfaces_s__rosidl_typesupport_c.cpython-310-x86_64-linux-gnu.so" to ""
[5.946s] -- Installing: /home/robu/work/robu_ws_actions/install/robu_interfaces/lib/librobu_interfaces__rosidl_generator_py.so
[5.947s] -- Set runtime path of "/home/robu/work/robu_ws_actions/install/robu_interfaces/lib/librobu_interfaces__rosidl_generator_py.so" to ""
[5.947s] -- Installing: /home/robu/work/robu_ws_actions/install/robu_interfaces/share/robu_interfaces/action/Fibonacci.idl
[5.947s] -- Installing: /home/robu/work/robu_ws_actions/install/robu_interfaces/share/robu_interfaces/action/Fibonacci.action
[5.947s] -- Installing: /home/robu/work/robu_ws_actions/install/robu_interfaces/share/ament_index/resource_index/package_run_dependencies/robu_interfaces
[5.947s] -- Installing: /home/robu/work/robu_ws_actions/install/robu_interfaces/share/ament_index/resource_index/parent_prefix_path/robu_interfaces
[5.948s] -- Installing: /home/robu/work/robu_ws_actions/install/robu_interfaces/share/robu_interfaces/environment/ament_prefix_path.sh
[5.948s] -- Installing: /home/robu/work/robu_ws_actions/install/robu_interfaces/share/robu_interfaces/environment/ament_prefix_path.dsv
[5.948s] -- Installing: /home/robu/work/robu_ws_actions/install/robu_interfaces/share/robu_interfaces/environment/path.sh
[5.948s] -- Installing: /home/robu/work/robu_ws_actions/install/robu_interfaces/share/robu_interfaces/environment/path.dsv
[5.948s] -- Installing: /home/robu/work/robu_ws_actions/install/robu_interfaces/share/robu_interfaces/local_setup.bash
[5.948s] -- Installing: /home/robu/work/robu_ws_actions/install/robu_interfaces/share/robu_interfaces/local_setup.sh
[5.949s] -- Installing: /home/robu/work/robu_ws_actions/install/robu_interfaces/share/robu_interfaces/local_setup.zsh
[5.949s] -- Installing: /home/robu/work/robu_ws_actions/install/robu_interfaces/share/robu_interfaces/local_setup.dsv
[5.949s] -- Installing: /home/robu/work/robu_ws_actions/install/robu_interfaces/share/robu_interfaces/package.dsv
[5.950s] -- Installing: /home/robu/work/robu_ws_actions/install/robu_interfaces/share/ament_index/resource_index/packages/robu_interfaces
[5.950s] -- Installing: /home/robu/work/robu_ws_actions/install/robu_interfaces/share/robu_interfaces/cmake/export_robu_interfaces__rosidl_generator_cExport.cmake
[5.950s] -- Installing: /home/robu/work/robu_ws_actions/install/robu_interfaces/share/robu_interfaces/cmake/export_robu_interfaces__rosidl_generator_cExport-noconfig.cmake
[5.950s] -- Installing: /home/robu/work/robu_ws_actions/install/robu_interfaces/share/robu_interfaces/cmake/export_robu_interfaces__rosidl_typesupport_fastrtps_cExport.cmake
[5.951s] -- Installing: /home/robu/work/robu_ws_actions/install/robu_interfaces/share/robu_interfaces/cmake/export_robu_interfaces__rosidl_typesupport_fastrtps_cExport-noconfig.cmake
[5.951s] -- Installing: /home/robu/work/robu_ws_actions/install/robu_interfaces/share/robu_interfaces/cmake/robu_interfaces__rosidl_typesupport_introspection_cExport.cmake
[5.951s] -- Installing: /home/robu/work/robu_ws_actions/install/robu_interfaces/share/robu_interfaces/cmake/robu_interfaces__rosidl_typesupport_introspection_cExport-noconfig.cmake
[5.951s] -- Installing: /home/robu/work/robu_ws_actions/install/robu_interfaces/share/robu_interfaces/cmake/robu_interfaces__rosidl_typesupport_cExport.cmake
[5.951s] -- Installing: /home/robu/work/robu_ws_actions/install/robu_interfaces/share/robu_interfaces/cmake/robu_interfaces__rosidl_typesupport_cExport-noconfig.cmake
[5.951s] -- Installing: /home/robu/work/robu_ws_actions/install/robu_interfaces/share/robu_interfaces/cmake/export_robu_interfaces__rosidl_generator_cppExport.cmake
[5.952s] -- Installing: /home/robu/work/robu_ws_actions/install/robu_interfaces/share/robu_interfaces/cmake/export_robu_interfaces__rosidl_typesupport_fastrtps_cppExport.cmake
[5.957s] -- Installing: /home/robu/work/robu_ws_actions/install/robu_interfaces/share/robu_interfaces/cmake/export_robu_interfaces__rosidl_typesupport_fastrtps_cppExport-noconfig.cmake
[5.957s] -- Installing: /home/robu/work/robu_ws_actions/install/robu_interfaces/share/robu_interfaces/cmake/robu_interfaces__rosidl_typesupport_introspection_cppExport.cmake
[5.957s] -- Installing: /home/robu/work/robu_ws_actions/install/robu_interfaces/share/robu_interfaces/cmake/robu_interfaces__rosidl_typesupport_introspection_cppExport-noconfig.cmake
[5.957s] -- Installing: /home/robu/work/robu_ws_actions/install/robu_interfaces/share/robu_interfaces/cmake/robu_interfaces__rosidl_typesupport_cppExport.cmake
[5.957s] -- Installing: /home/robu/work/robu_ws_actions/install/robu_interfaces/share/robu_interfaces/cmake/robu_interfaces__rosidl_typesupport_cppExport-noconfig.cmake
[5.958s] -- Installing: /home/robu/work/robu_ws_actions/install/robu_interfaces/share/robu_interfaces/cmake/export_robu_interfaces__rosidl_generator_pyExport.cmake
[5.958s] -- Installing: /home/robu/work/robu_ws_actions/install/robu_interfaces/share/robu_interfaces/cmake/export_robu_interfaces__rosidl_generator_pyExport-noconfig.cmake
[5.958s] -- Installing: /home/robu/work/robu_ws_actions/install/robu_interfaces/share/robu_interfaces/cmake/rosidl_cmake-extras.cmake
[5.958s] -- Installing: /home/robu/work/robu_ws_actions/install/robu_interfaces/share/robu_interfaces/cmake/ament_cmake_export_dependencies-extras.cmake
[5.958s] -- Installing: /home/robu/work/robu_ws_actions/install/robu_interfaces/share/robu_interfaces/cmake/ament_cmake_export_include_directories-extras.cmake
[5.958s] -- Installing: /home/robu/work/robu_ws_actions/install/robu_interfaces/share/robu_interfaces/cmake/ament_cmake_export_libraries-extras.cmake
[5.958s] -- Installing: /home/robu/work/robu_ws_actions/install/robu_interfaces/share/robu_interfaces/cmake/ament_cmake_export_targets-extras.cmake
[5.959s] -- Installing: /home/robu/work/robu_ws_actions/install/robu_interfaces/share/robu_interfaces/cmake/rosidl_cmake_export_typesupport_targets-extras.cmake
[5.959s] -- Installing: /home/robu/work/robu_ws_actions/install/robu_interfaces/share/robu_interfaces/cmake/rosidl_cmake_export_typesupport_libraries-extras.cmake
[5.959s] -- Installing: /home/robu/work/robu_ws_actions/install/robu_interfaces/share/robu_interfaces/cmake/robu_interfacesConfig.cmake
[5.959s] -- Installing: /home/robu/work/robu_ws_actions/install/robu_interfaces/share/robu_interfaces/cmake/robu_interfacesConfig-version.cmake
[5.959s] -- Installing: /home/robu/work/robu_ws_actions/install/robu_interfaces/share/robu_interfaces/package.xml
[5.962s] Invoked command in '/home/robu/work/robu_ws_actions/build/robu_interfaces' returned '0': CMAKE_PREFIX_PATH=${CMAKE_PREFIX_PATH}:/home/robu/work/turtlebot3_ws/install/turtlebot3_teleop:/home/robu/work/turtlebot3_ws/install/turtlebot3_example:/opt/ros/humble /usr/bin/cmake --install /home/robu/work/robu_ws_actions/build/robu_interfaces
