[0.085s] Invoking command in '/home/robu/work/robu_ws_actions/build/robu_interfaces': CMAKE_PREFIX_PATH=${CMAKE_PREFIX_PATH}:/home/robu/work/turtlebot3_ws/install/turtlebot3_teleop:/home/robu/work/turtlebot3_ws/install/turtlebot3_example:/opt/ros/humble /usr/bin/cmake /home/robu/work/robu_ws_actions/src/robu_interfaces -DCMAKE_INSTALL_PREFIX=/home/robu/work/robu_ws_actions/install/robu_interfaces
[0.301s] -- The C compiler identification is GNU 11.4.0
[0.455s] -- The CXX compiler identification is GNU 11.4.0
[0.476s] -- Detecting C compiler ABI info
[0.578s] -- Detecting C compiler ABI info - done
[0.586s] -- Check for working C compiler: /usr/bin/cc - skipped
[0.587s] -- Detecting C compile features
[0.588s] -- Detecting C compile features - done
[0.595s] -- Detecting CXX compiler ABI info
[0.707s] -- Detecting CXX compiler ABI info - done
[0.716s] -- Check for working CXX compiler: /usr/bin/c++ - skipped
[0.716s] -- Detecting CXX compile features
[0.717s] -- Detecting CXX compile features - done
[0.774s] -- Found ament_cmake: 1.3.6 (/opt/ros/humble/share/ament_cmake/cmake)
[1.073s] -- Found Python3: /usr/bin/python3.10 (found version "3.10.12") found components: Interpreter 
[1.276s] -- Found ament_lint_auto: 0.12.9 (/opt/ros/humble/share/ament_lint_auto/cmake)
[1.399s] -- Found rosidl_default_generators: 1.2.0 (/opt/ros/humble/share/rosidl_default_generators/cmake)
[1.413s] -- Using all available rosidl_typesupport_c: rosidl_typesupport_fastrtps_c;rosidl_typesupport_introspection_c
[1.439s] -- Found rosidl_adapter: 3.1.5 (/opt/ros/humble/share/rosidl_adapter/cmake)
[1.584s] -- Using all available rosidl_typesupport_cpp: rosidl_typesupport_fastrtps_cpp;rosidl_typesupport_introspection_cpp
[1.679s] [31mCMake Error at /opt/ros/humble/share/rosidl_cmake/cmake/rosidl_generate_interfaces.cmake:93 (message):
[1.679s]   rosidl_generate_interfaces() the passed file 'action/Fibonacci.action'
[1.679s]   doesn't exist relative to the CMAKE_CURRENT_SOURCE_DIR
[1.679s]   '/home/robu/work/robu_ws_actions/src/robu_interfaces'
[1.680s] Call Stack (most recent call first):
[1.680s]   CMakeLists.txt:28 (rosidl_generate_interfaces)
[1.680s] 
[1.680s] [0m
[1.680s] -- Configuring incomplete, errors occurred!
[1.680s] See also "/home/robu/work/robu_ws_actions/build/robu_interfaces/CMakeFiles/CMakeOutput.log".
[1.687s] Invoked command in '/home/robu/work/robu_ws_actions/build/robu_interfaces' returned '1': CMAKE_PREFIX_PATH=${CMAKE_PREFIX_PATH}:/home/robu/work/turtlebot3_ws/install/turtlebot3_teleop:/home/robu/work/turtlebot3_ws/install/turtlebot3_example:/opt/ros/humble /usr/bin/cmake /home/robu/work/robu_ws_actions/src/robu_interfaces -DCMAKE_INSTALL_PREFIX=/home/robu/work/robu_ws_actions/install/robu_interfaces
